This file contains any messages produced by compilers while
running configure, to aid debugging if configure makes a mistake.

It was created by sqlcipher configure 3.15.2, which was
generated by GNU Autoconf 2.69.  Invocation command line was

  $ ./configure --enable-tempstore=yes --with-crypto-lib=commoncrypto CFLAGS=-DSQLITE_HAS_CODEC -DSQLITE_TEMP_STORE=2

## --------- ##
## Platform. ##
## --------- ##

hostname = MacBook-Pro.local
uname -m = x86_64
uname -r = 15.6.0
uname -s = Darwin
uname -v = Darwin Kernel Version 15.6.0: Thu Jun 23 18:25:34 PDT 2016; root:xnu-3248.60.10~1/RELEASE_X86_64

/usr/bin/uname -p = i386
/bin/uname -X     = unknown

/bin/arch              = unknown
/usr/bin/arch -k       = unknown
/usr/convex/getsysinfo = unknown
/usr/bin/hostinfo      = Mach kernel version:
	 Darwin Kernel Version 15.6.0: Thu Jun 23 18:25:34 PDT 2016; root:xnu-3248.60.10~1/RELEASE_X86_64
Kernel configured for up to 4 processors.
2 processors are physically available.
4 processors are logically available.
Processor type: i486 (Intel 80486)
Processors active: 0 1 2 3
Primary memory available: 10.00 gigabytes
Default processor set: 338 tasks, 1385 threads, 4 processors
Load average: 1.96, Mach factor: 2.03
/bin/machine           = unknown
/usr/bin/oslevel       = unknown
/bin/universe          = unknown

PATH: /Applications/Xcode.app/Contents/Developer/Toolchains/XcodeDefault.xctoolchain/usr/bin
PATH: /Applications/Xcode.app/Contents/Developer/Toolchains/XcodeDefault.xctoolchain/usr/local/bin
PATH: /Applications/Xcode.app/Contents/Developer/Toolchains/XcodeDefault.xctoolchain/usr/libexec
PATH: /Applications/Xcode.app/Contents/Developer/Platforms/MacOSX.platform/Developer/usr/bin
PATH: /Applications/Xcode.app/Contents/Developer/Platforms/MacOSX.platform/Developer/usr/local/bin
PATH: /Applications/Xcode.app/Contents/Developer/Platforms/MacOSX.platform/usr/bin
PATH: /Applications/Xcode.app/Contents/Developer/Platforms/MacOSX.platform/usr/local/bin
PATH: /Applications/Xcode.app/Contents/Developer/usr/bin
PATH: /Applications/Xcode.app/Contents/Developer/usr/local/bin
PATH: /Applications/Xcode.app/Contents/Developer/Tools
PATH: /usr/local/bin
PATH: /usr/bin
PATH: /bin
PATH: /usr/sbin
PATH: /sbin


## ----------- ##
## Core tests. ##
## ----------- ##

configure:2373: checking build system type
configure:2387: result: i386-apple-darwin15.6.0
configure:2407: checking host system type
configure:2420: result: i386-apple-darwin15.6.0
configure:2461: checking how to print strings
configure:2488: result: printf
configure:2557: checking for gcc
configure:2573: found /Applications/Xcode.app/Contents/Developer/usr/bin/gcc
configure:2584: result: gcc
configure:2813: checking for C compiler version
configure:2822: gcc --version >&5
Apple LLVM version 8.0.0 (clang-800.0.42.1)
Target: x86_64-apple-darwin15.6.0
Thread model: posix
InstalledDir: /Applications/Xcode.app/Contents/Developer/Toolchains/XcodeDefault.xctoolchain/usr/bin
Configured with: --prefix=/Applications/Xcode.app/Contents/Developer/usr --with-gxx-include-dir=/Applications/Xcode.app/Contents/Developer/Platforms/MacOSX.platform/Developer/SDKs/MacOSX10.12.sdk/usr/include/c++/4.2.1
configure:2833: $? = 0
configure:2822: gcc -v >&5
Configured with: --prefix=/Applications/Xcode.app/Contents/Developer/usr --with-gxx-include-dir=/Applications/Xcode.app/Contents/Developer/Platforms/MacOSX.platform/Developer/SDKs/MacOSX10.12.sdk/usr/include/c++/4.2.1
Apple LLVM version 8.0.0 (clang-800.0.42.1)
Target: x86_64-apple-darwin15.6.0
Thread model: posix
InstalledDir: /Applications/Xcode.app/Contents/Developer/Toolchains/XcodeDefault.xctoolchain/usr/bin
configure:2833: $? = 0
configure:2822: gcc -V >&5
clang: error: argument to '-V' is missing (expected 1 value)
clang: error: no input files
configure:2833: $? = 1
configure:2822: gcc -qversion >&5
clang: error: unknown argument: '-qversion'
clang: error: no input files
configure:2833: $? = 1
configure:2853: checking whether the C compiler works
configure:2875: gcc -DSQLITE_HAS_CODEC -DSQLITE_TEMP_STORE=2   conftest.c  >&5
configure:2879: $? = 0
configure:2927: result: yes
configure:2930: checking for C compiler default output file name
configure:2932: result: a.out
configure:2938: checking for suffix of executables
configure:2945: gcc -o conftest -DSQLITE_HAS_CODEC -DSQLITE_TEMP_STORE=2   conftest.c  >&5
configure:2949: $? = 0
configure:2971: result: 
configure:2993: checking whether we are cross compiling
configure:3001: gcc -o conftest -DSQLITE_HAS_CODEC -DSQLITE_TEMP_STORE=2   conftest.c  >&5
configure:3005: $? = 0
configure:3012: ./conftest
configure:3016: $? = 0
configure:3031: result: no
configure:3036: checking for suffix of object files
configure:3058: gcc -c -DSQLITE_HAS_CODEC -DSQLITE_TEMP_STORE=2  conftest.c >&5
configure:3062: $? = 0
configure:3083: result: o
configure:3087: checking whether we are using the GNU C compiler
configure:3106: gcc -c -DSQLITE_HAS_CODEC -DSQLITE_TEMP_STORE=2  conftest.c >&5
configure:3106: $? = 0
configure:3115: result: yes
configure:3124: checking whether gcc accepts -g
configure:3144: gcc -c -g  conftest.c >&5
configure:3144: $? = 0
configure:3185: result: yes
configure:3202: checking for gcc option to accept ISO C89
configure:3265: gcc  -c -DSQLITE_HAS_CODEC -DSQLITE_TEMP_STORE=2  conftest.c >&5
configure:3265: $? = 0
configure:3278: result: none needed
configure:3298: checking for a sed that does not truncate output
configure:3362: result: /usr/bin/sed
configure:3380: checking for grep that handles long lines and -e
configure:3438: result: /usr/bin/grep
configure:3443: checking for egrep
configure:3505: result: /usr/bin/grep -E
configure:3510: checking for fgrep
configure:3572: result: /usr/bin/grep -F
configure:3607: checking for ld used by gcc
configure:3674: result: /Applications/Xcode.app/Contents/Developer/Toolchains/XcodeDefault.xctoolchain/usr/bin/ld
configure:3681: checking if the linker (/Applications/Xcode.app/Contents/Developer/Toolchains/XcodeDefault.xctoolchain/usr/bin/ld) is GNU ld
configure:3696: result: no
configure:3708: checking for BSD- or MS-compatible name lister (nm)
configure:3762: result: /Applications/Xcode.app/Contents/Developer/Toolchains/XcodeDefault.xctoolchain/usr/bin/nm -B
configure:3892: checking the name lister (/Applications/Xcode.app/Contents/Developer/Toolchains/XcodeDefault.xctoolchain/usr/bin/nm -B) interface
configure:3899: gcc -c -DSQLITE_HAS_CODEC -DSQLITE_TEMP_STORE=2  conftest.c >&5
configure:3902: /Applications/Xcode.app/Contents/Developer/Toolchains/XcodeDefault.xctoolchain/usr/bin/nm -B "conftest.o"
configure:3905: output
0000000000000000 S _some_variable
configure:3912: result: BSD nm
configure:3915: checking whether ln -s works
configure:3919: result: yes
configure:3927: checking the maximum length of command line arguments
configure:4058: result: 196608
configure:4106: checking how to convert i386-apple-darwin15.6.0 file names to i386-apple-darwin15.6.0 format
configure:4146: result: func_convert_file_noop
configure:4153: checking how to convert i386-apple-darwin15.6.0 file names to toolchain format
configure:4173: result: func_convert_file_noop
configure:4180: checking for /Applications/Xcode.app/Contents/Developer/Toolchains/XcodeDefault.xctoolchain/usr/bin/ld option to reload object files
configure:4187: result: -r
configure:4261: checking for objdump
configure:4277: found /Applications/Xcode.app/Contents/Developer/Toolchains/XcodeDefault.xctoolchain/usr/bin/objdump
configure:4288: result: objdump
configure:4320: checking how to recognize dependent libraries
configure:4520: result: pass_all
configure:4605: checking for dlltool
configure:4635: result: no
configure:4665: checking how to associate runtime and link libraries
configure:4692: result: printf %s\n
configure:4753: checking for ar
configure:4769: found /Applications/Xcode.app/Contents/Developer/Toolchains/XcodeDefault.xctoolchain/usr/bin/ar
configure:4780: result: ar
configure:4817: checking for archiver @FILE support
configure:4834: gcc -c -DSQLITE_HAS_CODEC -DSQLITE_TEMP_STORE=2  conftest.c >&5
configure:4834: $? = 0
configure:4837: ar cru libconftest.a @conftest.lst >&5
ar: @conftest.lst: No such file or directory
configure:4840: $? = 1
configure:4860: result: no
configure:4918: checking for strip
configure:4934: found /Applications/Xcode.app/Contents/Developer/Toolchains/XcodeDefault.xctoolchain/usr/bin/strip
configure:4945: result: strip
configure:5017: checking for ranlib
configure:5033: found /Applications/Xcode.app/Contents/Developer/Toolchains/XcodeDefault.xctoolchain/usr/bin/ranlib
configure:5044: result: ranlib
configure:5121: checking for gawk
configure:5151: result: no
configure:5121: checking for mawk
configure:5151: result: no
configure:5121: checking for nawk
configure:5151: result: no
configure:5121: checking for awk
configure:5137: found /usr/bin/awk
configure:5148: result: awk
configure:5188: checking command to parse /Applications/Xcode.app/Contents/Developer/Toolchains/XcodeDefault.xctoolchain/usr/bin/nm -B output from gcc object
configure:5341: gcc -c -DSQLITE_HAS_CODEC -DSQLITE_TEMP_STORE=2  conftest.c >&5
configure:5344: $? = 0
configure:5348: /Applications/Xcode.app/Contents/Developer/Toolchains/XcodeDefault.xctoolchain/usr/bin/nm -B conftest.o \| sed -n -e 's/^.*[ ]\([BCDEGRST][BCDEGRST]*\)[ ][ ]*\([_A-Za-z][_A-Za-z0-9]*\)$/\1 \2 \2/p' | sed '/ __gnu_lto/d' \> conftest.nm
configure:5351: $? = 0
cannot find nm_test_var in conftest.nm
configure:5341: gcc -c -DSQLITE_HAS_CODEC -DSQLITE_TEMP_STORE=2  conftest.c >&5
configure:5344: $? = 0
configure:5348: /Applications/Xcode.app/Contents/Developer/Toolchains/XcodeDefault.xctoolchain/usr/bin/nm -B conftest.o \| sed -n -e 's/^.*[ ]\([BCDEGRST][BCDEGRST]*\)[ ][ ]*_\([_A-Za-z][_A-Za-z0-9]*\)$/\1 _\2 \2/p' | sed '/ __gnu_lto/d' \> conftest.nm
configure:5351: $? = 0
configure:5417: gcc -o conftest -DSQLITE_HAS_CODEC -DSQLITE_TEMP_STORE=2   conftest.c conftstm.o >&5
configure:5420: $? = 0
configure:5458: result: ok
configure:5505: checking for sysroot
configure:5535: result: no
configure:5542: checking for a working dd
configure:5580: result: /bin/dd
configure:5584: checking how to truncate binary pipes
configure:5599: result: /bin/dd bs=4096 count=1
configure:5928: checking for mt
configure:5958: result: no
configure:5978: checking if : is a manifest tool
configure:5984: : '-?'
configure:5992: result: no
configure:6048: checking for dsymutil
configure:6064: found /Applications/Xcode.app/Contents/Developer/Toolchains/XcodeDefault.xctoolchain/usr/bin/dsymutil
configure:6075: result: dsymutil
configure:6140: checking for nmedit
configure:6156: found /Applications/Xcode.app/Contents/Developer/Toolchains/XcodeDefault.xctoolchain/usr/bin/nmedit
configure:6167: result: nmedit
configure:6232: checking for lipo
configure:6248: found /Applications/Xcode.app/Contents/Developer/Toolchains/XcodeDefault.xctoolchain/usr/bin/lipo
configure:6259: result: lipo
configure:6324: checking for otool
configure:6340: found /Applications/Xcode.app/Contents/Developer/Toolchains/XcodeDefault.xctoolchain/usr/bin/otool
configure:6351: result: otool
configure:6416: checking for otool64
configure:6446: result: no
configure:6491: checking for -single_module linker flag
gcc -DSQLITE_HAS_CODEC -DSQLITE_TEMP_STORE=2  -o libconftest.dylib -dynamiclib -Wl,-single_module conftest.c
configure:6524: result: yes
configure:6527: checking for -exported_symbols_list linker flag
configure:6547: gcc -o conftest -DSQLITE_HAS_CODEC -DSQLITE_TEMP_STORE=2   -Wl,-exported_symbols_list,conftest.sym conftest.c  >&5
configure:6547: $? = 0
configure:6557: result: yes
configure:6560: checking for -force_load linker flag
gcc -DSQLITE_HAS_CODEC -DSQLITE_TEMP_STORE=2 -c -o conftest.o conftest.c
ar cru libconftest.a conftest.o
ranlib libconftest.a
gcc -DSQLITE_HAS_CODEC -DSQLITE_TEMP_STORE=2  -o conftest conftest.c -Wl,-force_load,./libconftest.a
configure:6592: result: yes
configure:6669: checking how to run the C preprocessor
configure:6700: gcc -E  conftest.c
configure:6700: $? = 0
configure:6714: gcc -E  conftest.c
conftest.c:9:10: fatal error: 'ac_nonexistent.h' file not found
#include <ac_nonexistent.h>
         ^
1 error generated.
configure:6714: $? = 1
configure: failed program was:
| /* confdefs.h */
| #define PACKAGE_NAME "sqlcipher"
| #define PACKAGE_TARNAME "sqlcipher"
| #define PACKAGE_VERSION "3.15.2"
| #define PACKAGE_STRING "sqlcipher 3.15.2"
| #define PACKAGE_BUGREPORT ""
| #define PACKAGE_URL ""
| /* end confdefs.h.  */
| #include <ac_nonexistent.h>
configure:6739: result: gcc -E
configure:6759: gcc -E  conftest.c
configure:6759: $? = 0
configure:6773: gcc -E  conftest.c
conftest.c:9:10: fatal error: 'ac_nonexistent.h' file not found
#include <ac_nonexistent.h>
         ^
1 error generated.
configure:6773: $? = 1
configure: failed program was:
| /* confdefs.h */
| #define PACKAGE_NAME "sqlcipher"
| #define PACKAGE_TARNAME "sqlcipher"
| #define PACKAGE_VERSION "3.15.2"
| #define PACKAGE_STRING "sqlcipher 3.15.2"
| #define PACKAGE_BUGREPORT ""
| #define PACKAGE_URL ""
| /* end confdefs.h.  */
| #include <ac_nonexistent.h>
configure:6802: checking for ANSI C header files
configure:6822: gcc -c -DSQLITE_HAS_CODEC -DSQLITE_TEMP_STORE=2  conftest.c >&5
configure:6822: $? = 0
configure:6895: gcc -o conftest -DSQLITE_HAS_CODEC -DSQLITE_TEMP_STORE=2   conftest.c  >&5
configure:6895: $? = 0
configure:6895: ./conftest
configure:6895: $? = 0
configure:6906: result: yes
configure:6919: checking for sys/types.h
configure:6919: gcc -c -DSQLITE_HAS_CODEC -DSQLITE_TEMP_STORE=2  conftest.c >&5
configure:6919: $? = 0
configure:6919: result: yes
configure:6919: checking for sys/stat.h
configure:6919: gcc -c -DSQLITE_HAS_CODEC -DSQLITE_TEMP_STORE=2  conftest.c >&5
configure:6919: $? = 0
configure:6919: result: yes
configure:6919: checking for stdlib.h
configure:6919: gcc -c -DSQLITE_HAS_CODEC -DSQLITE_TEMP_STORE=2  conftest.c >&5
configure:6919: $? = 0
configure:6919: result: yes
configure:6919: checking for string.h
configure:6919: gcc -c -DSQLITE_HAS_CODEC -DSQLITE_TEMP_STORE=2  conftest.c >&5
configure:6919: $? = 0
configure:6919: result: yes
configure:6919: checking for memory.h
configure:6919: gcc -c -DSQLITE_HAS_CODEC -DSQLITE_TEMP_STORE=2  conftest.c >&5
configure:6919: $? = 0
configure:6919: result: yes
configure:6919: checking for strings.h
configure:6919: gcc -c -DSQLITE_HAS_CODEC -DSQLITE_TEMP_STORE=2  conftest.c >&5
configure:6919: $? = 0
configure:6919: result: yes
configure:6919: checking for inttypes.h
configure:6919: gcc -c -DSQLITE_HAS_CODEC -DSQLITE_TEMP_STORE=2  conftest.c >&5
configure:6919: $? = 0
configure:6919: result: yes
configure:6919: checking for stdint.h
configure:6919: gcc -c -DSQLITE_HAS_CODEC -DSQLITE_TEMP_STORE=2  conftest.c >&5
configure:6919: $? = 0
configure:6919: result: yes
configure:6919: checking for unistd.h
configure:6919: gcc -c -DSQLITE_HAS_CODEC -DSQLITE_TEMP_STORE=2  conftest.c >&5
configure:6919: $? = 0
configure:6919: result: yes
configure:6933: checking for dlfcn.h
configure:6933: gcc -c -DSQLITE_HAS_CODEC -DSQLITE_TEMP_STORE=2  conftest.c >&5
configure:6933: $? = 0
configure:6933: result: yes
configure:7189: checking for objdir
configure:7204: result: .libs
configure:7464: checking if gcc supports -fno-rtti -fno-exceptions
configure:7482: gcc -c -DSQLITE_HAS_CODEC -DSQLITE_TEMP_STORE=2  -fno-rtti -fno-exceptions conftest.c >&5
configure:7486: $? = 0
configure:7499: result: yes
configure:7857: checking for gcc option to produce PIC
configure:7864: result: -fno-common -DPIC
configure:7872: checking if gcc PIC flag -fno-common -DPIC works
configure:7890: gcc -c -DSQLITE_HAS_CODEC -DSQLITE_TEMP_STORE=2  -fno-common -DPIC -DPIC conftest.c >&5
configure:7894: $? = 0
configure:7907: result: yes
configure:7936: checking if gcc static flag -static works
configure:7964: result: no
configure:7979: checking if gcc supports -c -o file.o
configure:8000: gcc -c -DSQLITE_HAS_CODEC -DSQLITE_TEMP_STORE=2  -o out/conftest2.o conftest.c >&5
configure:8004: $? = 0
configure:8026: result: yes
configure:8034: checking if gcc supports -c -o file.o
configure:8081: result: yes
configure:8114: checking whether the gcc linker (/Applications/Xcode.app/Contents/Developer/Toolchains/XcodeDefault.xctoolchain/usr/bin/ld) supports shared libraries
configure:9373: result: yes
configure:9613: checking dynamic linker characteristics
configure:10431: result: darwin15.6.0 dyld
configure:10553: checking how to hardcode library paths into programs
configure:10578: result: immediate
configure:11126: checking whether stripping libraries is possible
configure:11140: result: yes
configure:11166: checking if libtool supports shared libraries
configure:11168: result: yes
configure:11171: checking whether to build shared libraries
configure:11196: result: yes
configure:11199: checking whether to build static libraries
configure:11203: result: yes
configure:11254: checking for a BSD-compatible install
configure:11322: result: /usr/local/bin/ginstall -c
configure:11344: checking for special C compiler options needed for large files
configure:11389: result: no
configure:11395: checking for _FILE_OFFSET_BITS value needed for large files
configure:11420: gcc -c -DSQLITE_HAS_CODEC -DSQLITE_TEMP_STORE=2  conftest.c >&5
configure:11420: $? = 0
configure:11452: result: no
configure:11540: checking for int8_t
configure:11540: gcc -c -DSQLITE_HAS_CODEC -DSQLITE_TEMP_STORE=2  conftest.c >&5
configure:11540: $? = 0
configure:11540: gcc -c -DSQLITE_HAS_CODEC -DSQLITE_TEMP_STORE=2  conftest.c >&5
conftest.c:57:21: error: expected expression
if (sizeof ((int8_t)))
                    ^
1 error generated.
configure:11540: $? = 1
configure: failed program was:
| /* confdefs.h */
| #define PACKAGE_NAME "sqlcipher"
| #define PACKAGE_TARNAME "sqlcipher"
| #define PACKAGE_VERSION "3.15.2"
| #define PACKAGE_STRING "sqlcipher 3.15.2"
| #define PACKAGE_BUGREPORT ""
| #define PACKAGE_URL ""
| #define STDC_HEADERS 1
| #define HAVE_SYS_TYPES_H 1
| #define HAVE_SYS_STAT_H 1
| #define HAVE_STDLIB_H 1
| #define HAVE_STRING_H 1
| #define HAVE_MEMORY_H 1
| #define HAVE_STRINGS_H 1
| #define HAVE_INTTYPES_H 1
| #define HAVE_STDINT_H 1
| #define HAVE_UNISTD_H 1
| #define HAVE_DLFCN_H 1
| #define LT_OBJDIR ".libs/"
| /* end confdefs.h.  */
| #include <stdio.h>
| #ifdef HAVE_SYS_TYPES_H
| # include <sys/types.h>
| #endif
| #ifdef HAVE_SYS_STAT_H
| # include <sys/stat.h>
| #endif
| #ifdef STDC_HEADERS
| # include <stdlib.h>
| # include <stddef.h>
| #else
| # ifdef HAVE_STDLIB_H
| #  include <stdlib.h>
| # endif
| #endif
| #ifdef HAVE_STRING_H
| # if !defined STDC_HEADERS && defined HAVE_MEMORY_H
| #  include <memory.h>
| # endif
| # include <string.h>
| #endif
| #ifdef HAVE_STRINGS_H
| # include <strings.h>
| #endif
| #ifdef HAVE_INTTYPES_H
| # include <inttypes.h>
| #endif
| #ifdef HAVE_STDINT_H
| # include <stdint.h>
| #endif
| #ifdef HAVE_UNISTD_H
| # include <unistd.h>
| #endif
| int
| main ()
| {
| if (sizeof ((int8_t)))
| 	    return 0;
|   ;
|   return 0;
| }
configure:11540: result: yes
configure:11549: checking for int16_t
configure:11549: gcc -c -DSQLITE_HAS_CODEC -DSQLITE_TEMP_STORE=2  conftest.c >&5
configure:11549: $? = 0
configure:11549: gcc -c -DSQLITE_HAS_CODEC -DSQLITE_TEMP_STORE=2  conftest.c >&5
conftest.c:58:22: error: expected expression
if (sizeof ((int16_t)))
                     ^
1 error generated.
configure:11549: $? = 1
configure: failed program was:
| /* confdefs.h */
| #define PACKAGE_NAME "sqlcipher"
| #define PACKAGE_TARNAME "sqlcipher"
| #define PACKAGE_VERSION "3.15.2"
| #define PACKAGE_STRING "sqlcipher 3.15.2"
| #define PACKAGE_BUGREPORT ""
| #define PACKAGE_URL ""
| #define STDC_HEADERS 1
| #define HAVE_SYS_TYPES_H 1
| #define HAVE_SYS_STAT_H 1
| #define HAVE_STDLIB_H 1
| #define HAVE_STRING_H 1
| #define HAVE_MEMORY_H 1
| #define HAVE_STRINGS_H 1
| #define HAVE_INTTYPES_H 1
| #define HAVE_STDINT_H 1
| #define HAVE_UNISTD_H 1
| #define HAVE_DLFCN_H 1
| #define LT_OBJDIR ".libs/"
| #define HAVE_INT8_T 1
| /* end confdefs.h.  */
| #include <stdio.h>
| #ifdef HAVE_SYS_TYPES_H
| # include <sys/types.h>
| #endif
| #ifdef HAVE_SYS_STAT_H
| # include <sys/stat.h>
| #endif
| #ifdef STDC_HEADERS
| # include <stdlib.h>
| # include <stddef.h>
| #else
| # ifdef HAVE_STDLIB_H
| #  include <stdlib.h>
| # endif
| #endif
| #ifdef HAVE_STRING_H
| # if !defined STDC_HEADERS && defined HAVE_MEMORY_H
| #  include <memory.h>
| # endif
| # include <string.h>
| #endif
| #ifdef HAVE_STRINGS_H
| # include <strings.h>
| #endif
| #ifdef HAVE_INTTYPES_H
| # include <inttypes.h>
| #endif
| #ifdef HAVE_STDINT_H
| # include <stdint.h>
| #endif
| #ifdef HAVE_UNISTD_H
| # include <unistd.h>
| #endif
| int
| main ()
| {
| if (sizeof ((int16_t)))
| 	    return 0;
|   ;
|   return 0;
| }
configure:11549: result: yes
configure:11558: checking for int32_t
configure:11558: gcc -c -DSQLITE_HAS_CODEC -DSQLITE_TEMP_STORE=2  conftest.c >&5
configure:11558: $? = 0
configure:11558: gcc -c -DSQLITE_HAS_CODEC -DSQLITE_TEMP_STORE=2  conftest.c >&5
conftest.c:59:22: error: expected expression
if (sizeof ((int32_t)))
                     ^
1 error generated.
configure:11558: $? = 1
configure: failed program was:
| /* confdefs.h */
| #define PACKAGE_NAME "sqlcipher"
| #define PACKAGE_TARNAME "sqlcipher"
| #define PACKAGE_VERSION "3.15.2"
| #define PACKAGE_STRING "sqlcipher 3.15.2"
| #define PACKAGE_BUGREPORT ""
| #define PACKAGE_URL ""
| #define STDC_HEADERS 1
| #define HAVE_SYS_TYPES_H 1
| #define HAVE_SYS_STAT_H 1
| #define HAVE_STDLIB_H 1
| #define HAVE_STRING_H 1
| #define HAVE_MEMORY_H 1
| #define HAVE_STRINGS_H 1
| #define HAVE_INTTYPES_H 1
| #define HAVE_STDINT_H 1
| #define HAVE_UNISTD_H 1
| #define HAVE_DLFCN_H 1
| #define LT_OBJDIR ".libs/"
| #define HAVE_INT8_T 1
| #define HAVE_INT16_T 1
| /* end confdefs.h.  */
| #include <stdio.h>
| #ifdef HAVE_SYS_TYPES_H
| # include <sys/types.h>
| #endif
| #ifdef HAVE_SYS_STAT_H
| # include <sys/stat.h>
| #endif
| #ifdef STDC_HEADERS
| # include <stdlib.h>
| # include <stddef.h>
| #else
| # ifdef HAVE_STDLIB_H
| #  include <stdlib.h>
| # endif
| #endif
| #ifdef HAVE_STRING_H
| # if !defined STDC_HEADERS && defined HAVE_MEMORY_H
| #  include <memory.h>
| # endif
| # include <string.h>
| #endif
| #ifdef HAVE_STRINGS_H
| # include <strings.h>
| #endif
| #ifdef HAVE_INTTYPES_H
| # include <inttypes.h>
| #endif
| #ifdef HAVE_STDINT_H
| # include <stdint.h>
| #endif
| #ifdef HAVE_UNISTD_H
| # include <unistd.h>
| #endif
| int
| main ()
| {
| if (sizeof ((int32_t)))
| 	    return 0;
|   ;
|   return 0;
| }
configure:11558: result: yes
configure:11567: checking for int64_t
configure:11567: gcc -c -DSQLITE_HAS_CODEC -DSQLITE_TEMP_STORE=2  conftest.c >&5
configure:11567: $? = 0
configure:11567: gcc -c -DSQLITE_HAS_CODEC -DSQLITE_TEMP_STORE=2  conftest.c >&5
conftest.c:60:22: error: expected expression
if (sizeof ((int64_t)))
                     ^
1 error generated.
configure:11567: $? = 1
configure: failed program was:
| /* confdefs.h */
| #define PACKAGE_NAME "sqlcipher"
| #define PACKAGE_TARNAME "sqlcipher"
| #define PACKAGE_VERSION "3.15.2"
| #define PACKAGE_STRING "sqlcipher 3.15.2"
| #define PACKAGE_BUGREPORT ""
| #define PACKAGE_URL ""
| #define STDC_HEADERS 1
| #define HAVE_SYS_TYPES_H 1
| #define HAVE_SYS_STAT_H 1
| #define HAVE_STDLIB_H 1
| #define HAVE_STRING_H 1
| #define HAVE_MEMORY_H 1
| #define HAVE_STRINGS_H 1
| #define HAVE_INTTYPES_H 1
| #define HAVE_STDINT_H 1
| #define HAVE_UNISTD_H 1
| #define HAVE_DLFCN_H 1
| #define LT_OBJDIR ".libs/"
| #define HAVE_INT8_T 1
| #define HAVE_INT16_T 1
| #define HAVE_INT32_T 1
| /* end confdefs.h.  */
| #include <stdio.h>
| #ifdef HAVE_SYS_TYPES_H
| # include <sys/types.h>
| #endif
| #ifdef HAVE_SYS_STAT_H
| # include <sys/stat.h>
| #endif
| #ifdef STDC_HEADERS
| # include <stdlib.h>
| # include <stddef.h>
| #else
| # ifdef HAVE_STDLIB_H
| #  include <stdlib.h>
| # endif
| #endif
| #ifdef HAVE_STRING_H
| # if !defined STDC_HEADERS && defined HAVE_MEMORY_H
| #  include <memory.h>
| # endif
| # include <string.h>
| #endif
| #ifdef HAVE_STRINGS_H
| # include <strings.h>
| #endif
| #ifdef HAVE_INTTYPES_H
| # include <inttypes.h>
| #endif
| #ifdef HAVE_STDINT_H
| # include <stdint.h>
| #endif
| #ifdef HAVE_UNISTD_H
| # include <unistd.h>
| #endif
| int
| main ()
| {
| if (sizeof ((int64_t)))
| 	    return 0;
|   ;
|   return 0;
| }
configure:11567: result: yes
configure:11576: checking for intptr_t
configure:11576: gcc -c -DSQLITE_HAS_CODEC -DSQLITE_TEMP_STORE=2  conftest.c >&5
configure:11576: $? = 0
configure:11576: gcc -c -DSQLITE_HAS_CODEC -DSQLITE_TEMP_STORE=2  conftest.c >&5
conftest.c:61:23: error: expected expression
if (sizeof ((intptr_t)))
                      ^
1 error generated.
configure:11576: $? = 1
configure: failed program was:
| /* confdefs.h */
| #define PACKAGE_NAME "sqlcipher"
| #define PACKAGE_TARNAME "sqlcipher"
| #define PACKAGE_VERSION "3.15.2"
| #define PACKAGE_STRING "sqlcipher 3.15.2"
| #define PACKAGE_BUGREPORT ""
| #define PACKAGE_URL ""
| #define STDC_HEADERS 1
| #define HAVE_SYS_TYPES_H 1
| #define HAVE_SYS_STAT_H 1
| #define HAVE_STDLIB_H 1
| #define HAVE_STRING_H 1
| #define HAVE_MEMORY_H 1
| #define HAVE_STRINGS_H 1
| #define HAVE_INTTYPES_H 1
| #define HAVE_STDINT_H 1
| #define HAVE_UNISTD_H 1
| #define HAVE_DLFCN_H 1
| #define LT_OBJDIR ".libs/"
| #define HAVE_INT8_T 1
| #define HAVE_INT16_T 1
| #define HAVE_INT32_T 1
| #define HAVE_INT64_T 1
| /* end confdefs.h.  */
| #include <stdio.h>
| #ifdef HAVE_SYS_TYPES_H
| # include <sys/types.h>
| #endif
| #ifdef HAVE_SYS_STAT_H
| # include <sys/stat.h>
| #endif
| #ifdef STDC_HEADERS
| # include <stdlib.h>
| # include <stddef.h>
| #else
| # ifdef HAVE_STDLIB_H
| #  include <stdlib.h>
| # endif
| #endif
| #ifdef HAVE_STRING_H
| # if !defined STDC_HEADERS && defined HAVE_MEMORY_H
| #  include <memory.h>
| # endif
| # include <string.h>
| #endif
| #ifdef HAVE_STRINGS_H
| # include <strings.h>
| #endif
| #ifdef HAVE_INTTYPES_H
| # include <inttypes.h>
| #endif
| #ifdef HAVE_STDINT_H
| # include <stdint.h>
| #endif
| #ifdef HAVE_UNISTD_H
| # include <unistd.h>
| #endif
| int
| main ()
| {
| if (sizeof ((intptr_t)))
| 	    return 0;
|   ;
|   return 0;
| }
configure:11576: result: yes
configure:11585: checking for uint8_t
configure:11585: gcc -c -DSQLITE_HAS_CODEC -DSQLITE_TEMP_STORE=2  conftest.c >&5
configure:11585: $? = 0
configure:11585: gcc -c -DSQLITE_HAS_CODEC -DSQLITE_TEMP_STORE=2  conftest.c >&5
conftest.c:62:22: error: expected expression
if (sizeof ((uint8_t)))
                     ^
1 error generated.
configure:11585: $? = 1
configure: failed program was:
| /* confdefs.h */
| #define PACKAGE_NAME "sqlcipher"
| #define PACKAGE_TARNAME "sqlcipher"
| #define PACKAGE_VERSION "3.15.2"
| #define PACKAGE_STRING "sqlcipher 3.15.2"
| #define PACKAGE_BUGREPORT ""
| #define PACKAGE_URL ""
| #define STDC_HEADERS 1
| #define HAVE_SYS_TYPES_H 1
| #define HAVE_SYS_STAT_H 1
| #define HAVE_STDLIB_H 1
| #define HAVE_STRING_H 1
| #define HAVE_MEMORY_H 1
| #define HAVE_STRINGS_H 1
| #define HAVE_INTTYPES_H 1
| #define HAVE_STDINT_H 1
| #define HAVE_UNISTD_H 1
| #define HAVE_DLFCN_H 1
| #define LT_OBJDIR ".libs/"
| #define HAVE_INT8_T 1
| #define HAVE_INT16_T 1
| #define HAVE_INT32_T 1
| #define HAVE_INT64_T 1
| #define HAVE_INTPTR_T 1
| /* end confdefs.h.  */
| #include <stdio.h>
| #ifdef HAVE_SYS_TYPES_H
| # include <sys/types.h>
| #endif
| #ifdef HAVE_SYS_STAT_H
| # include <sys/stat.h>
| #endif
| #ifdef STDC_HEADERS
| # include <stdlib.h>
| # include <stddef.h>
| #else
| # ifdef HAVE_STDLIB_H
| #  include <stdlib.h>
| # endif
| #endif
| #ifdef HAVE_STRING_H
| # if !defined STDC_HEADERS && defined HAVE_MEMORY_H
| #  include <memory.h>
| # endif
| # include <string.h>
| #endif
| #ifdef HAVE_STRINGS_H
| # include <strings.h>
| #endif
| #ifdef HAVE_INTTYPES_H
| # include <inttypes.h>
| #endif
| #ifdef HAVE_STDINT_H
| # include <stdint.h>
| #endif
| #ifdef HAVE_UNISTD_H
| # include <unistd.h>
| #endif
| int
| main ()
| {
| if (sizeof ((uint8_t)))
| 	    return 0;
|   ;
|   return 0;
| }
configure:11585: result: yes
configure:11594: checking for uint16_t
configure:11594: gcc -c -DSQLITE_HAS_CODEC -DSQLITE_TEMP_STORE=2  conftest.c >&5
configure:11594: $? = 0
configure:11594: gcc -c -DSQLITE_HAS_CODEC -DSQLITE_TEMP_STORE=2  conftest.c >&5
conftest.c:63:23: error: expected expression
if (sizeof ((uint16_t)))
                      ^
1 error generated.
configure:11594: $? = 1
configure: failed program was:
| /* confdefs.h */
| #define PACKAGE_NAME "sqlcipher"
| #define PACKAGE_TARNAME "sqlcipher"
| #define PACKAGE_VERSION "3.15.2"
| #define PACKAGE_STRING "sqlcipher 3.15.2"
| #define PACKAGE_BUGREPORT ""
| #define PACKAGE_URL ""
| #define STDC_HEADERS 1
| #define HAVE_SYS_TYPES_H 1
| #define HAVE_SYS_STAT_H 1
| #define HAVE_STDLIB_H 1
| #define HAVE_STRING_H 1
| #define HAVE_MEMORY_H 1
| #define HAVE_STRINGS_H 1
| #define HAVE_INTTYPES_H 1
| #define HAVE_STDINT_H 1
| #define HAVE_UNISTD_H 1
| #define HAVE_DLFCN_H 1
| #define LT_OBJDIR ".libs/"
| #define HAVE_INT8_T 1
| #define HAVE_INT16_T 1
| #define HAVE_INT32_T 1
| #define HAVE_INT64_T 1
| #define HAVE_INTPTR_T 1
| #define HAVE_UINT8_T 1
| /* end confdefs.h.  */
| #include <stdio.h>
| #ifdef HAVE_SYS_TYPES_H
| # include <sys/types.h>
| #endif
| #ifdef HAVE_SYS_STAT_H
| # include <sys/stat.h>
| #endif
| #ifdef STDC_HEADERS
| # include <stdlib.h>
| # include <stddef.h>
| #else
| # ifdef HAVE_STDLIB_H
| #  include <stdlib.h>
| # endif
| #endif
| #ifdef HAVE_STRING_H
| # if !defined STDC_HEADERS && defined HAVE_MEMORY_H
| #  include <memory.h>
| # endif
| # include <string.h>
| #endif
| #ifdef HAVE_STRINGS_H
| # include <strings.h>
| #endif
| #ifdef HAVE_INTTYPES_H
| # include <inttypes.h>
| #endif
| #ifdef HAVE_STDINT_H
| # include <stdint.h>
| #endif
| #ifdef HAVE_UNISTD_H
| # include <unistd.h>
| #endif
| int
| main ()
| {
| if (sizeof ((uint16_t)))
| 	    return 0;
|   ;
|   return 0;
| }
configure:11594: result: yes
configure:11603: checking for uint32_t
configure:11603: gcc -c -DSQLITE_HAS_CODEC -DSQLITE_TEMP_STORE=2  conftest.c >&5
configure:11603: $? = 0
configure:11603: gcc -c -DSQLITE_HAS_CODEC -DSQLITE_TEMP_STORE=2  conftest.c >&5
conftest.c:64:23: error: expected expression
if (sizeof ((uint32_t)))
                      ^
1 error generated.
configure:11603: $? = 1
configure: failed program was:
| /* confdefs.h */
| #define PACKAGE_NAME "sqlcipher"
| #define PACKAGE_TARNAME "sqlcipher"
| #define PACKAGE_VERSION "3.15.2"
| #define PACKAGE_STRING "sqlcipher 3.15.2"
| #define PACKAGE_BUGREPORT ""
| #define PACKAGE_URL ""
| #define STDC_HEADERS 1
| #define HAVE_SYS_TYPES_H 1
| #define HAVE_SYS_STAT_H 1
| #define HAVE_STDLIB_H 1
| #define HAVE_STRING_H 1
| #define HAVE_MEMORY_H 1
| #define HAVE_STRINGS_H 1
| #define HAVE_INTTYPES_H 1
| #define HAVE_STDINT_H 1
| #define HAVE_UNISTD_H 1
| #define HAVE_DLFCN_H 1
| #define LT_OBJDIR ".libs/"
| #define HAVE_INT8_T 1
| #define HAVE_INT16_T 1
| #define HAVE_INT32_T 1
| #define HAVE_INT64_T 1
| #define HAVE_INTPTR_T 1
| #define HAVE_UINT8_T 1
| #define HAVE_UINT16_T 1
| /* end confdefs.h.  */
| #include <stdio.h>
| #ifdef HAVE_SYS_TYPES_H
| # include <sys/types.h>
| #endif
| #ifdef HAVE_SYS_STAT_H
| # include <sys/stat.h>
| #endif
| #ifdef STDC_HEADERS
| # include <stdlib.h>
| # include <stddef.h>
| #else
| # ifdef HAVE_STDLIB_H
| #  include <stdlib.h>
| # endif
| #endif
| #ifdef HAVE_STRING_H
| # if !defined STDC_HEADERS && defined HAVE_MEMORY_H
| #  include <memory.h>
| # endif
| # include <string.h>
| #endif
| #ifdef HAVE_STRINGS_H
| # include <strings.h>
| #endif
| #ifdef HAVE_INTTYPES_H
| # include <inttypes.h>
| #endif
| #ifdef HAVE_STDINT_H
| # include <stdint.h>
| #endif
| #ifdef HAVE_UNISTD_H
| # include <unistd.h>
| #endif
| int
| main ()
| {
| if (sizeof ((uint32_t)))
| 	    return 0;
|   ;
|   return 0;
| }
configure:11603: result: yes
configure:11612: checking for uint64_t
configure:11612: gcc -c -DSQLITE_HAS_CODEC -DSQLITE_TEMP_STORE=2  conftest.c >&5
configure:11612: $? = 0
configure:11612: gcc -c -DSQLITE_HAS_CODEC -DSQLITE_TEMP_STORE=2  conftest.c >&5
conftest.c:65:23: error: expected expression
if (sizeof ((uint64_t)))
                      ^
1 error generated.
configure:11612: $? = 1
configure: failed program was:
| /* confdefs.h */
| #define PACKAGE_NAME "sqlcipher"
| #define PACKAGE_TARNAME "sqlcipher"
| #define PACKAGE_VERSION "3.15.2"
| #define PACKAGE_STRING "sqlcipher 3.15.2"
| #define PACKAGE_BUGREPORT ""
| #define PACKAGE_URL ""
| #define STDC_HEADERS 1
| #define HAVE_SYS_TYPES_H 1
| #define HAVE_SYS_STAT_H 1
| #define HAVE_STDLIB_H 1
| #define HAVE_STRING_H 1
| #define HAVE_MEMORY_H 1
| #define HAVE_STRINGS_H 1
| #define HAVE_INTTYPES_H 1
| #define HAVE_STDINT_H 1
| #define HAVE_UNISTD_H 1
| #define HAVE_DLFCN_H 1
| #define LT_OBJDIR ".libs/"
| #define HAVE_INT8_T 1
| #define HAVE_INT16_T 1
| #define HAVE_INT32_T 1
| #define HAVE_INT64_T 1
| #define HAVE_INTPTR_T 1
| #define HAVE_UINT8_T 1
| #define HAVE_UINT16_T 1
| #define HAVE_UINT32_T 1
| /* end confdefs.h.  */
| #include <stdio.h>
| #ifdef HAVE_SYS_TYPES_H
| # include <sys/types.h>
| #endif
| #ifdef HAVE_SYS_STAT_H
| # include <sys/stat.h>
| #endif
| #ifdef STDC_HEADERS
| # include <stdlib.h>
| # include <stddef.h>
| #else
| # ifdef HAVE_STDLIB_H
| #  include <stdlib.h>
| # endif
| #endif
| #ifdef HAVE_STRING_H
| # if !defined STDC_HEADERS && defined HAVE_MEMORY_H
| #  include <memory.h>
| # endif
| # include <string.h>
| #endif
| #ifdef HAVE_STRINGS_H
| # include <strings.h>
| #endif
| #ifdef HAVE_INTTYPES_H
| # include <inttypes.h>
| #endif
| #ifdef HAVE_STDINT_H
| # include <stdint.h>
| #endif
| #ifdef HAVE_UNISTD_H
| # include <unistd.h>
| #endif
| int
| main ()
| {
| if (sizeof ((uint64_t)))
| 	    return 0;
|   ;
|   return 0;
| }
configure:11612: result: yes
configure:11621: checking for uintptr_t
configure:11621: gcc -c -DSQLITE_HAS_CODEC -DSQLITE_TEMP_STORE=2  conftest.c >&5
configure:11621: $? = 0
configure:11621: gcc -c -DSQLITE_HAS_CODEC -DSQLITE_TEMP_STORE=2  conftest.c >&5
conftest.c:66:24: error: expected expression
if (sizeof ((uintptr_t)))
                       ^
1 error generated.
configure:11621: $? = 1
configure: failed program was:
| /* confdefs.h */
| #define PACKAGE_NAME "sqlcipher"
| #define PACKAGE_TARNAME "sqlcipher"
| #define PACKAGE_VERSION "3.15.2"
| #define PACKAGE_STRING "sqlcipher 3.15.2"
| #define PACKAGE_BUGREPORT ""
| #define PACKAGE_URL ""
| #define STDC_HEADERS 1
| #define HAVE_SYS_TYPES_H 1
| #define HAVE_SYS_STAT_H 1
| #define HAVE_STDLIB_H 1
| #define HAVE_STRING_H 1
| #define HAVE_MEMORY_H 1
| #define HAVE_STRINGS_H 1
| #define HAVE_INTTYPES_H 1
| #define HAVE_STDINT_H 1
| #define HAVE_UNISTD_H 1
| #define HAVE_DLFCN_H 1
| #define LT_OBJDIR ".libs/"
| #define HAVE_INT8_T 1
| #define HAVE_INT16_T 1
| #define HAVE_INT32_T 1
| #define HAVE_INT64_T 1
| #define HAVE_INTPTR_T 1
| #define HAVE_UINT8_T 1
| #define HAVE_UINT16_T 1
| #define HAVE_UINT32_T 1
| #define HAVE_UINT64_T 1
| /* end confdefs.h.  */
| #include <stdio.h>
| #ifdef HAVE_SYS_TYPES_H
| # include <sys/types.h>
| #endif
| #ifdef HAVE_SYS_STAT_H
| # include <sys/stat.h>
| #endif
| #ifdef STDC_HEADERS
| # include <stdlib.h>
| # include <stddef.h>
| #else
| # ifdef HAVE_STDLIB_H
| #  include <stdlib.h>
| # endif
| #endif
| #ifdef HAVE_STRING_H
| # if !defined STDC_HEADERS && defined HAVE_MEMORY_H
| #  include <memory.h>
| # endif
| # include <string.h>
| #endif
| #ifdef HAVE_STRINGS_H
| # include <strings.h>
| #endif
| #ifdef HAVE_INTTYPES_H
| # include <inttypes.h>
| #endif
| #ifdef HAVE_STDINT_H
| # include <stdint.h>
| #endif
| #ifdef HAVE_UNISTD_H
| # include <unistd.h>
| #endif
| int
| main ()
| {
| if (sizeof ((uintptr_t)))
| 	    return 0;
|   ;
|   return 0;
| }
configure:11621: result: yes
configure:11637: checking for sys/types.h
configure:11637: result: yes
configure:11637: checking for stdlib.h
configure:11637: result: yes
configure:11637: checking for stdint.h
configure:11637: result: yes
configure:11637: checking for inttypes.h
configure:11637: result: yes
configure:11637: checking malloc.h usability
configure:11637: gcc -c -DSQLITE_HAS_CODEC -DSQLITE_TEMP_STORE=2  conftest.c >&5
conftest.c:68:10: fatal error: 'malloc.h' file not found
#include <malloc.h>
         ^
1 error generated.
configure:11637: $? = 1
configure: failed program was:
| /* confdefs.h */
| #define PACKAGE_NAME "sqlcipher"
| #define PACKAGE_TARNAME "sqlcipher"
| #define PACKAGE_VERSION "3.15.2"
| #define PACKAGE_STRING "sqlcipher 3.15.2"
| #define PACKAGE_BUGREPORT ""
| #define PACKAGE_URL ""
| #define STDC_HEADERS 1
| #define HAVE_SYS_TYPES_H 1
| #define HAVE_SYS_STAT_H 1
| #define HAVE_STDLIB_H 1
| #define HAVE_STRING_H 1
| #define HAVE_MEMORY_H 1
| #define HAVE_STRINGS_H 1
| #define HAVE_INTTYPES_H 1
| #define HAVE_STDINT_H 1
| #define HAVE_UNISTD_H 1
| #define HAVE_DLFCN_H 1
| #define LT_OBJDIR ".libs/"
| #define HAVE_INT8_T 1
| #define HAVE_INT16_T 1
| #define HAVE_INT32_T 1
| #define HAVE_INT64_T 1
| #define HAVE_INTPTR_T 1
| #define HAVE_UINT8_T 1
| #define HAVE_UINT16_T 1
| #define HAVE_UINT32_T 1
| #define HAVE_UINT64_T 1
| #define HAVE_UINTPTR_T 1
| #define HAVE_SYS_TYPES_H 1
| #define HAVE_STDLIB_H 1
| #define HAVE_STDINT_H 1
| #define HAVE_INTTYPES_H 1
| /* end confdefs.h.  */
| #include <stdio.h>
| #ifdef HAVE_SYS_TYPES_H
| # include <sys/types.h>
| #endif
| #ifdef HAVE_SYS_STAT_H
| # include <sys/stat.h>
| #endif
| #ifdef STDC_HEADERS
| # include <stdlib.h>
| # include <stddef.h>
| #else
| # ifdef HAVE_STDLIB_H
| #  include <stdlib.h>
| # endif
| #endif
| #ifdef HAVE_STRING_H
| # if !defined STDC_HEADERS && defined HAVE_MEMORY_H
| #  include <memory.h>
| # endif
| # include <string.h>
| #endif
| #ifdef HAVE_STRINGS_H
| # include <strings.h>
| #endif
| #ifdef HAVE_INTTYPES_H
| # include <inttypes.h>
| #endif
| #ifdef HAVE_STDINT_H
| # include <stdint.h>
| #endif
| #ifdef HAVE_UNISTD_H
| # include <unistd.h>
| #endif
| #include <malloc.h>
configure:11637: result: no
configure:11637: checking malloc.h presence
configure:11637: gcc -E  conftest.c
conftest.c:35:10: fatal error: 'malloc.h' file not found
#include <malloc.h>
         ^
1 error generated.
configure:11637: $? = 1
configure: failed program was:
| /* confdefs.h */
| #define PACKAGE_NAME "sqlcipher"
| #define PACKAGE_TARNAME "sqlcipher"
| #define PACKAGE_VERSION "3.15.2"
| #define PACKAGE_STRING "sqlcipher 3.15.2"
| #define PACKAGE_BUGREPORT ""
| #define PACKAGE_URL ""
| #define STDC_HEADERS 1
| #define HAVE_SYS_TYPES_H 1
| #define HAVE_SYS_STAT_H 1
| #define HAVE_STDLIB_H 1
| #define HAVE_STRING_H 1
| #define HAVE_MEMORY_H 1
| #define HAVE_STRINGS_H 1
| #define HAVE_INTTYPES_H 1
| #define HAVE_STDINT_H 1
| #define HAVE_UNISTD_H 1
| #define HAVE_DLFCN_H 1
| #define LT_OBJDIR ".libs/"
| #define HAVE_INT8_T 1
| #define HAVE_INT16_T 1
| #define HAVE_INT32_T 1
| #define HAVE_INT64_T 1
| #define HAVE_INTPTR_T 1
| #define HAVE_UINT8_T 1
| #define HAVE_UINT16_T 1
| #define HAVE_UINT32_T 1
| #define HAVE_UINT64_T 1
| #define HAVE_UINTPTR_T 1
| #define HAVE_SYS_TYPES_H 1
| #define HAVE_STDLIB_H 1
| #define HAVE_STDINT_H 1
| #define HAVE_INTTYPES_H 1
| /* end confdefs.h.  */
| #include <malloc.h>
configure:11637: result: no
configure:11637: checking for malloc.h
configure:11637: result: no
configure:11654: checking for fdatasync
configure:11654: gcc -o conftest -DSQLITE_HAS_CODEC -DSQLITE_TEMP_STORE=2   conftest.c  >&5
configure:11654: $? = 0
configure:11654: result: yes
configure:11654: checking for gmtime_r
configure:11654: gcc -o conftest -DSQLITE_HAS_CODEC -DSQLITE_TEMP_STORE=2   conftest.c  >&5
configure:11654: $? = 0
configure:11654: result: yes
configure:11654: checking for isnan
configure:11654: gcc -o conftest -DSQLITE_HAS_CODEC -DSQLITE_TEMP_STORE=2   conftest.c  >&5
configure:11654: $? = 0
configure:11654: result: yes
configure:11654: checking for localtime_r
configure:11654: gcc -o conftest -DSQLITE_HAS_CODEC -DSQLITE_TEMP_STORE=2   conftest.c  >&5
configure:11654: $? = 0
configure:11654: result: yes
configure:11654: checking for localtime_s
configure:11654: gcc -o conftest -DSQLITE_HAS_CODEC -DSQLITE_TEMP_STORE=2   conftest.c  >&5
Undefined symbols for architecture x86_64:
  "_localtime_s", referenced from:
      _main in conftest-b996c6.o
ld: symbol(s) not found for architecture x86_64
clang: error: linker command failed with exit code 1 (use -v to see invocation)
configure:11654: $? = 1
configure: failed program was:
| /* confdefs.h */
| #define PACKAGE_NAME "sqlcipher"
| #define PACKAGE_TARNAME "sqlcipher"
| #define PACKAGE_VERSION "3.15.2"
| #define PACKAGE_STRING "sqlcipher 3.15.2"
| #define PACKAGE_BUGREPORT ""
| #define PACKAGE_URL ""
| #define STDC_HEADERS 1
| #define HAVE_SYS_TYPES_H 1
| #define HAVE_SYS_STAT_H 1
| #define HAVE_STDLIB_H 1
| #define HAVE_STRING_H 1
| #define HAVE_MEMORY_H 1
| #define HAVE_STRINGS_H 1
| #define HAVE_INTTYPES_H 1
| #define HAVE_STDINT_H 1
| #define HAVE_UNISTD_H 1
| #define HAVE_DLFCN_H 1
| #define LT_OBJDIR ".libs/"
| #define HAVE_INT8_T 1
| #define HAVE_INT16_T 1
| #define HAVE_INT32_T 1
| #define HAVE_INT64_T 1
| #define HAVE_INTPTR_T 1
| #define HAVE_UINT8_T 1
| #define HAVE_UINT16_T 1
| #define HAVE_UINT32_T 1
| #define HAVE_UINT64_T 1
| #define HAVE_UINTPTR_T 1
| #define HAVE_SYS_TYPES_H 1
| #define HAVE_STDLIB_H 1
| #define HAVE_STDINT_H 1
| #define HAVE_INTTYPES_H 1
| #define HAVE_FDATASYNC 1
| #define HAVE_GMTIME_R 1
| #define HAVE_ISNAN 1
| #define HAVE_LOCALTIME_R 1
| /* end confdefs.h.  */
| /* Define localtime_s to an innocuous variant, in case <limits.h> declares localtime_s.
|    For example, HP-UX 11i <limits.h> declares gettimeofday.  */
| #define localtime_s innocuous_localtime_s
| 
| /* System header to define __stub macros and hopefully few prototypes,
|     which can conflict with char localtime_s (); below.
|     Prefer <limits.h> to <assert.h> if __STDC__ is defined, since
|     <limits.h> exists even on freestanding compilers.  */
| 
| #ifdef __STDC__
| # include <limits.h>
| #else
| # include <assert.h>
| #endif
| 
| #undef localtime_s
| 
| /* Override any GCC internal prototype to avoid an error.
|    Use char because int might match the return type of a GCC
|    builtin and then its argument prototype would still apply.  */
| #ifdef __cplusplus
| extern "C"
| #endif
| char localtime_s ();
| /* The GNU C library defines this for functions which it implements
|     to always fail with ENOSYS.  Some functions are actually named
|     something starting with __ and the normal name is an alias.  */
| #if defined __stub_localtime_s || defined __stub___localtime_s
| choke me
| #endif
| 
| int
| main ()
| {
| return localtime_s ();
|   ;
|   return 0;
| }
configure:11654: result: no
configure:11654: checking for malloc_usable_size
configure:11654: gcc -o conftest -DSQLITE_HAS_CODEC -DSQLITE_TEMP_STORE=2   conftest.c  >&5
Undefined symbols for architecture x86_64:
  "_malloc_usable_size", referenced from:
      _main in conftest-b362d2.o
ld: symbol(s) not found for architecture x86_64
clang: error: linker command failed with exit code 1 (use -v to see invocation)
configure:11654: $? = 1
configure: failed program was:
| /* confdefs.h */
| #define PACKAGE_NAME "sqlcipher"
| #define PACKAGE_TARNAME "sqlcipher"
| #define PACKAGE_VERSION "3.15.2"
| #define PACKAGE_STRING "sqlcipher 3.15.2"
| #define PACKAGE_BUGREPORT ""
| #define PACKAGE_URL ""
| #define STDC_HEADERS 1
| #define HAVE_SYS_TYPES_H 1
| #define HAVE_SYS_STAT_H 1
| #define HAVE_STDLIB_H 1
| #define HAVE_STRING_H 1
| #define HAVE_MEMORY_H 1
| #define HAVE_STRINGS_H 1
| #define HAVE_INTTYPES_H 1
| #define HAVE_STDINT_H 1
| #define HAVE_UNISTD_H 1
| #define HAVE_DLFCN_H 1
| #define LT_OBJDIR ".libs/"
| #define HAVE_INT8_T 1
| #define HAVE_INT16_T 1
| #define HAVE_INT32_T 1
| #define HAVE_INT64_T 1
| #define HAVE_INTPTR_T 1
| #define HAVE_UINT8_T 1
| #define HAVE_UINT16_T 1
| #define HAVE_UINT32_T 1
| #define HAVE_UINT64_T 1
| #define HAVE_UINTPTR_T 1
| #define HAVE_SYS_TYPES_H 1
| #define HAVE_STDLIB_H 1
| #define HAVE_STDINT_H 1
| #define HAVE_INTTYPES_H 1
| #define HAVE_FDATASYNC 1
| #define HAVE_GMTIME_R 1
| #define HAVE_ISNAN 1
| #define HAVE_LOCALTIME_R 1
| /* end confdefs.h.  */
| /* Define malloc_usable_size to an innocuous variant, in case <limits.h> declares malloc_usable_size.
|    For example, HP-UX 11i <limits.h> declares gettimeofday.  */
| #define malloc_usable_size innocuous_malloc_usable_size
| 
| /* System header to define __stub macros and hopefully few prototypes,
|     which can conflict with char malloc_usable_size (); below.
|     Prefer <limits.h> to <assert.h> if __STDC__ is defined, since
|     <limits.h> exists even on freestanding compilers.  */
| 
| #ifdef __STDC__
| # include <limits.h>
| #else
| # include <assert.h>
| #endif
| 
| #undef malloc_usable_size
| 
| /* Override any GCC internal prototype to avoid an error.
|    Use char because int might match the return type of a GCC
|    builtin and then its argument prototype would still apply.  */
| #ifdef __cplusplus
| extern "C"
| #endif
| char malloc_usable_size ();
| /* The GNU C library defines this for functions which it implements
|     to always fail with ENOSYS.  Some functions are actually named
|     something starting with __ and the normal name is an alias.  */
| #if defined __stub_malloc_usable_size || defined __stub___malloc_usable_size
| choke me
| #endif
| 
| int
| main ()
| {
| return malloc_usable_size ();
|   ;
|   return 0;
| }
configure:11654: result: no
configure:11654: checking for strchrnul
configure:11654: gcc -o conftest -DSQLITE_HAS_CODEC -DSQLITE_TEMP_STORE=2   conftest.c  >&5
Undefined symbols for architecture x86_64:
  "_strchrnul", referenced from:
      _main in conftest-906364.o
ld: symbol(s) not found for architecture x86_64
clang: error: linker command failed with exit code 1 (use -v to see invocation)
configure:11654: $? = 1
configure: failed program was:
| /* confdefs.h */
| #define PACKAGE_NAME "sqlcipher"
| #define PACKAGE_TARNAME "sqlcipher"
| #define PACKAGE_VERSION "3.15.2"
| #define PACKAGE_STRING "sqlcipher 3.15.2"
| #define PACKAGE_BUGREPORT ""
| #define PACKAGE_URL ""
| #define STDC_HEADERS 1
| #define HAVE_SYS_TYPES_H 1
| #define HAVE_SYS_STAT_H 1
| #define HAVE_STDLIB_H 1
| #define HAVE_STRING_H 1
| #define HAVE_MEMORY_H 1
| #define HAVE_STRINGS_H 1
| #define HAVE_INTTYPES_H 1
| #define HAVE_STDINT_H 1
| #define HAVE_UNISTD_H 1
| #define HAVE_DLFCN_H 1
| #define LT_OBJDIR ".libs/"
| #define HAVE_INT8_T 1
| #define HAVE_INT16_T 1
| #define HAVE_INT32_T 1
| #define HAVE_INT64_T 1
| #define HAVE_INTPTR_T 1
| #define HAVE_UINT8_T 1
| #define HAVE_UINT16_T 1
| #define HAVE_UINT32_T 1
| #define HAVE_UINT64_T 1
| #define HAVE_UINTPTR_T 1
| #define HAVE_SYS_TYPES_H 1
| #define HAVE_STDLIB_H 1
| #define HAVE_STDINT_H 1
| #define HAVE_INTTYPES_H 1
| #define HAVE_FDATASYNC 1
| #define HAVE_GMTIME_R 1
| #define HAVE_ISNAN 1
| #define HAVE_LOCALTIME_R 1
| /* end confdefs.h.  */
| /* Define strchrnul to an innocuous variant, in case <limits.h> declares strchrnul.
|    For example, HP-UX 11i <limits.h> declares gettimeofday.  */
| #define strchrnul innocuous_strchrnul
| 
| /* System header to define __stub macros and hopefully few prototypes,
|     which can conflict with char strchrnul (); below.
|     Prefer <limits.h> to <assert.h> if __STDC__ is defined, since
|     <limits.h> exists even on freestanding compilers.  */
| 
| #ifdef __STDC__
| # include <limits.h>
| #else
| # include <assert.h>
| #endif
| 
| #undef strchrnul
| 
| /* Override any GCC internal prototype to avoid an error.
|    Use char because int might match the return type of a GCC
|    builtin and then its argument prototype would still apply.  */
| #ifdef __cplusplus
| extern "C"
| #endif
| char strchrnul ();
| /* The GNU C library defines this for functions which it implements
|     to always fail with ENOSYS.  Some functions are actually named
|     something starting with __ and the normal name is an alias.  */
| #if defined __stub_strchrnul || defined __stub___strchrnul
| choke me
| #endif
| 
| int
| main ()
| {
| return strchrnul ();
|   ;
|   return 0;
| }
configure:11654: result: no
configure:11654: checking for usleep
configure:11654: gcc -o conftest -DSQLITE_HAS_CODEC -DSQLITE_TEMP_STORE=2   conftest.c  >&5
configure:11654: $? = 0
configure:11654: result: yes
configure:11654: checking for utime
configure:11654: gcc -o conftest -DSQLITE_HAS_CODEC -DSQLITE_TEMP_STORE=2   conftest.c  >&5
configure:11654: $? = 0
configure:11654: result: yes
configure:11654: checking for pread
configure:11654: gcc -o conftest -DSQLITE_HAS_CODEC -DSQLITE_TEMP_STORE=2   conftest.c  >&5
configure:11654: $? = 0
configure:11654: result: yes
configure:11654: checking for pread64
configure:11654: gcc -o conftest -DSQLITE_HAS_CODEC -DSQLITE_TEMP_STORE=2   conftest.c  >&5
Undefined symbols for architecture x86_64:
  "_pread64", referenced from:
      _main in conftest-c99ba4.o
ld: symbol(s) not found for architecture x86_64
clang: error: linker command failed with exit code 1 (use -v to see invocation)
configure:11654: $? = 1
configure: failed program was:
| /* confdefs.h */
| #define PACKAGE_NAME "sqlcipher"
| #define PACKAGE_TARNAME "sqlcipher"
| #define PACKAGE_VERSION "3.15.2"
| #define PACKAGE_STRING "sqlcipher 3.15.2"
| #define PACKAGE_BUGREPORT ""
| #define PACKAGE_URL ""
| #define STDC_HEADERS 1
| #define HAVE_SYS_TYPES_H 1
| #define HAVE_SYS_STAT_H 1
| #define HAVE_STDLIB_H 1
| #define HAVE_STRING_H 1
| #define HAVE_MEMORY_H 1
| #define HAVE_STRINGS_H 1
| #define HAVE_INTTYPES_H 1
| #define HAVE_STDINT_H 1
| #define HAVE_UNISTD_H 1
| #define HAVE_DLFCN_H 1
| #define LT_OBJDIR ".libs/"
| #define HAVE_INT8_T 1
| #define HAVE_INT16_T 1
| #define HAVE_INT32_T 1
| #define HAVE_INT64_T 1
| #define HAVE_INTPTR_T 1
| #define HAVE_UINT8_T 1
| #define HAVE_UINT16_T 1
| #define HAVE_UINT32_T 1
| #define HAVE_UINT64_T 1
| #define HAVE_UINTPTR_T 1
| #define HAVE_SYS_TYPES_H 1
| #define HAVE_STDLIB_H 1
| #define HAVE_STDINT_H 1
| #define HAVE_INTTYPES_H 1
| #define HAVE_FDATASYNC 1
| #define HAVE_GMTIME_R 1
| #define HAVE_ISNAN 1
| #define HAVE_LOCALTIME_R 1
| #define HAVE_USLEEP 1
| #define HAVE_UTIME 1
| #define HAVE_PREAD 1
| /* end confdefs.h.  */
| /* Define pread64 to an innocuous variant, in case <limits.h> declares pread64.
|    For example, HP-UX 11i <limits.h> declares gettimeofday.  */
| #define pread64 innocuous_pread64
| 
| /* System header to define __stub macros and hopefully few prototypes,
|     which can conflict with char pread64 (); below.
|     Prefer <limits.h> to <assert.h> if __STDC__ is defined, since
|     <limits.h> exists even on freestanding compilers.  */
| 
| #ifdef __STDC__
| # include <limits.h>
| #else
| # include <assert.h>
| #endif
| 
| #undef pread64
| 
| /* Override any GCC internal prototype to avoid an error.
|    Use char because int might match the return type of a GCC
|    builtin and then its argument prototype would still apply.  */
| #ifdef __cplusplus
| extern "C"
| #endif
| char pread64 ();
| /* The GNU C library defines this for functions which it implements
|     to always fail with ENOSYS.  Some functions are actually named
|     something starting with __ and the normal name is an alias.  */
| #if defined __stub_pread64 || defined __stub___pread64
| choke me
| #endif
| 
| int
| main ()
| {
| return pread64 ();
|   ;
|   return 0;
| }
configure:11654: result: no
configure:11654: checking for pwrite
configure:11654: gcc -o conftest -DSQLITE_HAS_CODEC -DSQLITE_TEMP_STORE=2   conftest.c  >&5
configure:11654: $? = 0
configure:11654: result: yes
configure:11654: checking for pwrite64
configure:11654: gcc -o conftest -DSQLITE_HAS_CODEC -DSQLITE_TEMP_STORE=2   conftest.c  >&5
Undefined symbols for architecture x86_64:
  "_pwrite64", referenced from:
      _main in conftest-29fbdf.o
ld: symbol(s) not found for architecture x86_64
clang: error: linker command failed with exit code 1 (use -v to see invocation)
configure:11654: $? = 1
configure: failed program was:
| /* confdefs.h */
| #define PACKAGE_NAME "sqlcipher"
| #define PACKAGE_TARNAME "sqlcipher"
| #define PACKAGE_VERSION "3.15.2"
| #define PACKAGE_STRING "sqlcipher 3.15.2"
| #define PACKAGE_BUGREPORT ""
| #define PACKAGE_URL ""
| #define STDC_HEADERS 1
| #define HAVE_SYS_TYPES_H 1
| #define HAVE_SYS_STAT_H 1
| #define HAVE_STDLIB_H 1
| #define HAVE_STRING_H 1
| #define HAVE_MEMORY_H 1
| #define HAVE_STRINGS_H 1
| #define HAVE_INTTYPES_H 1
| #define HAVE_STDINT_H 1
| #define HAVE_UNISTD_H 1
| #define HAVE_DLFCN_H 1
| #define LT_OBJDIR ".libs/"
| #define HAVE_INT8_T 1
| #define HAVE_INT16_T 1
| #define HAVE_INT32_T 1
| #define HAVE_INT64_T 1
| #define HAVE_INTPTR_T 1
| #define HAVE_UINT8_T 1
| #define HAVE_UINT16_T 1
| #define HAVE_UINT32_T 1
| #define HAVE_UINT64_T 1
| #define HAVE_UINTPTR_T 1
| #define HAVE_SYS_TYPES_H 1
| #define HAVE_STDLIB_H 1
| #define HAVE_STDINT_H 1
| #define HAVE_INTTYPES_H 1
| #define HAVE_FDATASYNC 1
| #define HAVE_GMTIME_R 1
| #define HAVE_ISNAN 1
| #define HAVE_LOCALTIME_R 1
| #define HAVE_USLEEP 1
| #define HAVE_UTIME 1
| #define HAVE_PREAD 1
| #define HAVE_PWRITE 1
| /* end confdefs.h.  */
| /* Define pwrite64 to an innocuous variant, in case <limits.h> declares pwrite64.
|    For example, HP-UX 11i <limits.h> declares gettimeofday.  */
| #define pwrite64 innocuous_pwrite64
| 
| /* System header to define __stub macros and hopefully few prototypes,
|     which can conflict with char pwrite64 (); below.
|     Prefer <limits.h> to <assert.h> if __STDC__ is defined, since
|     <limits.h> exists even on freestanding compilers.  */
| 
| #ifdef __STDC__
| # include <limits.h>
| #else
| # include <assert.h>
| #endif
| 
| #undef pwrite64
| 
| /* Override any GCC internal prototype to avoid an error.
|    Use char because int might match the return type of a GCC
|    builtin and then its argument prototype would still apply.  */
| #ifdef __cplusplus
| extern "C"
| #endif
| char pwrite64 ();
| /* The GNU C library defines this for functions which it implements
|     to always fail with ENOSYS.  Some functions are actually named
|     something starting with __ and the normal name is an alias.  */
| #if defined __stub_pwrite64 || defined __stub___pwrite64
| choke me
| #endif
| 
| int
| main ()
| {
| return pwrite64 ();
|   ;
|   return 0;
| }
configure:11654: result: no
configure:11678: checking for tclsh8.6
configure:11708: result: no
configure:11678: checking for tclsh8.5
configure:11694: found /usr/bin/tclsh8.5
configure:11705: result: tclsh8.5
configure:11745: Version set to 3.15
configure:11749: Release set to 3.15.2
configure:11755: Version number set to 3015002
configure:11827: checking whether to support threadsafe operation
configure:11835: result: yes
configure:11841: checking for library containing pthread_create
configure:11872: gcc -o conftest -DSQLITE_HAS_CODEC -DSQLITE_TEMP_STORE=2   conftest.c  >&5
configure:11872: $? = 0
configure:11889: result: none required
configure:11897: checking for library containing pthread_mutexattr_init
configure:11928: gcc -o conftest -DSQLITE_HAS_CODEC -DSQLITE_TEMP_STORE=2   conftest.c  >&5
configure:11928: $? = 0
configure:11945: result: none required
configure:11964: checking for crypto library to use
configure:11973: result: commoncrypto
configure:12096: checking whether to allow connections to be shared across threads
configure:12100: result: no
configure:12119: checking whether to support shared library linked as release mode or not
configure:12123: result: no
configure:12142: checking whether to use an in-ram database for temporary tables
configure:12157: result: yes
configure:12179: checking if executables have the .exe suffix
configure:12186: result: unknown
configure:12244: checking for Tcl configuration
configure:12366: result: found /usr/lib/tclConfig.sh
configure:12369: checking for existence of /usr/lib/tclConfig.sh
configure:12372: result: loading
configure:12456: checking for library containing readline
configure:12487: gcc -o conftest -DSQLITE_HAS_CODEC -DSQLITE_TEMP_STORE=2 -DSQLCIPHER_CRYPTO_CC -DSQLITE_OS_UNIX=1   conftest.c  >&5
Undefined symbols for architecture x86_64:
  "_readline", referenced from:
      _main in conftest-e2bbd7.o
ld: symbol(s) not found for architecture x86_64
clang: error: linker command failed with exit code 1 (use -v to see invocation)
configure:12487: $? = 1
configure: failed program was:
| /* confdefs.h */
| #define PACKAGE_NAME "sqlcipher"
| #define PACKAGE_TARNAME "sqlcipher"
| #define PACKAGE_VERSION "3.15.2"
| #define PACKAGE_STRING "sqlcipher 3.15.2"
| #define PACKAGE_BUGREPORT ""
| #define PACKAGE_URL ""
| #define STDC_HEADERS 1
| #define HAVE_SYS_TYPES_H 1
| #define HAVE_SYS_STAT_H 1
| #define HAVE_STDLIB_H 1
| #define HAVE_STRING_H 1
| #define HAVE_MEMORY_H 1
| #define HAVE_STRINGS_H 1
| #define HAVE_INTTYPES_H 1
| #define HAVE_STDINT_H 1
| #define HAVE_UNISTD_H 1
| #define HAVE_DLFCN_H 1
| #define LT_OBJDIR ".libs/"
| #define HAVE_INT8_T 1
| #define HAVE_INT16_T 1
| #define HAVE_INT32_T 1
| #define HAVE_INT64_T 1
| #define HAVE_INTPTR_T 1
| #define HAVE_UINT8_T 1
| #define HAVE_UINT16_T 1
| #define HAVE_UINT32_T 1
| #define HAVE_UINT64_T 1
| #define HAVE_UINTPTR_T 1
| #define HAVE_SYS_TYPES_H 1
| #define HAVE_STDLIB_H 1
| #define HAVE_STDINT_H 1
| #define HAVE_INTTYPES_H 1
| #define HAVE_FDATASYNC 1
| #define HAVE_GMTIME_R 1
| #define HAVE_ISNAN 1
| #define HAVE_LOCALTIME_R 1
| #define HAVE_USLEEP 1
| #define HAVE_UTIME 1
| #define HAVE_PREAD 1
| #define HAVE_PWRITE 1
| /* end confdefs.h.  */
| 
| /* Override any GCC internal prototype to avoid an error.
|    Use char because int might match the return type of a GCC
|    builtin and then its argument prototype would still apply.  */
| #ifdef __cplusplus
| extern "C"
| #endif
| char readline ();
| int
| main ()
| {
| return readline ();
|   ;
|   return 0;
| }
configure:12487: gcc -o conftest -DSQLITE_HAS_CODEC -DSQLITE_TEMP_STORE=2 -DSQLCIPHER_CRYPTO_CC -DSQLITE_OS_UNIX=1   conftest.c -ledit   >&5
configure:12487: $? = 0
configure:12504: result: -ledit
configure:12710: checking for library containing fdatasync
configure:12741: gcc -o conftest -DSQLITE_HAS_CODEC -DSQLITE_TEMP_STORE=2 -DSQLCIPHER_CRYPTO_CC -DSQLITE_OS_UNIX=1   conftest.c  >&5
configure:12741: $? = 0
configure:12758: result: none required
configure:12808: checking for library containing dlopen
configure:12839: gcc -o conftest -DSQLITE_HAS_CODEC -DSQLITE_TEMP_STORE=2 -DSQLCIPHER_CRYPTO_CC -DSQLITE_OS_UNIX=1   conftest.c  >&5
configure:12839: $? = 0
configure:12856: result: none required
configure:12878: checking whether to support MEMSYS5
configure:12885: result: no
configure:12895: checking whether to support MEMSYS3
configure:12902: result: no
configure:13284: creating ./config.status

## ---------------------- ##
## Running config.status. ##
## ---------------------- ##

This file was extended by sqlcipher config.status 3.15.2, which was
generated by GNU Autoconf 2.69.  Invocation command line was

  CONFIG_FILES    = 
  CONFIG_HEADERS  = 
  CONFIG_LINKS    = 
  CONFIG_COMMANDS = 
  $ ./config.status 

on MacBook-Pro.local

config.status:1100: creating Makefile
config.status:1100: creating sqlcipher.pc
config.status:1100: creating config.h
config.status:1275: config.h is unchanged
config.status:1289: executing libtool commands

## ---------------- ##
## Cache variables. ##
## ---------------- ##

ac_cv_build=i386-apple-darwin15.6.0
ac_cv_c_compiler_gnu=yes
ac_cv_c_tclconfig=/usr/lib
ac_cv_env_CC_set=
ac_cv_env_CC_value=
ac_cv_env_CFLAGS_set=set
ac_cv_env_CFLAGS_value='-DSQLITE_HAS_CODEC -DSQLITE_TEMP_STORE=2'
ac_cv_env_CPPFLAGS_set=
ac_cv_env_CPPFLAGS_value=
ac_cv_env_CPP_set=
ac_cv_env_CPP_value=
ac_cv_env_LDFLAGS_set=
ac_cv_env_LDFLAGS_value=
ac_cv_env_LIBS_set=
ac_cv_env_LIBS_value=
ac_cv_env_LT_SYS_LIBRARY_PATH_set=
ac_cv_env_LT_SYS_LIBRARY_PATH_value=
ac_cv_env_TCLLIBDIR_set=
ac_cv_env_TCLLIBDIR_value=
ac_cv_env_build_alias_set=
ac_cv_env_build_alias_value=
ac_cv_env_host_alias_set=
ac_cv_env_host_alias_value=
ac_cv_env_target_alias_set=
ac_cv_env_target_alias_value=
ac_cv_func_fdatasync=yes
ac_cv_func_gmtime_r=yes
ac_cv_func_isnan=yes
ac_cv_func_localtime_r=yes
ac_cv_func_localtime_s=no
ac_cv_func_malloc_usable_size=no
ac_cv_func_pread64=no
ac_cv_func_pread=yes
ac_cv_func_pwrite64=no
ac_cv_func_pwrite=yes
ac_cv_func_strchrnul=no
ac_cv_func_usleep=yes
ac_cv_func_utime=yes
ac_cv_header_dlfcn_h=yes
ac_cv_header_inttypes_h=yes
ac_cv_header_malloc_h=no
ac_cv_header_memory_h=yes
ac_cv_header_stdc=yes
ac_cv_header_stdint_h=yes
ac_cv_header_stdlib_h=yes
ac_cv_header_string_h=yes
ac_cv_header_strings_h=yes
ac_cv_header_sys_stat_h=yes
ac_cv_header_sys_types_h=yes
ac_cv_header_unistd_h=yes
ac_cv_host=i386-apple-darwin15.6.0
ac_cv_objext=o
ac_cv_path_EGREP='/usr/bin/grep -E'
ac_cv_path_FGREP='/usr/bin/grep -F'
ac_cv_path_GREP=/usr/bin/grep
ac_cv_path_SED=/usr/bin/sed
ac_cv_path_install='/usr/local/bin/ginstall -c'
ac_cv_path_lt_DD=/bin/dd
ac_cv_prog_AWK=awk
ac_cv_prog_CPP='gcc -E'
ac_cv_prog_TCLSH_CMD=tclsh8.5
ac_cv_prog_ac_ct_AR=ar
ac_cv_prog_ac_ct_CC=gcc
ac_cv_prog_ac_ct_DSYMUTIL=dsymutil
ac_cv_prog_ac_ct_LIPO=lipo
ac_cv_prog_ac_ct_NMEDIT=nmedit
ac_cv_prog_ac_ct_OBJDUMP=objdump
ac_cv_prog_ac_ct_OTOOL=otool
ac_cv_prog_ac_ct_RANLIB=ranlib
ac_cv_prog_ac_ct_STRIP=strip
ac_cv_prog_cc_c89=
ac_cv_prog_cc_g=yes
ac_cv_search_dlopen='none required'
ac_cv_search_fdatasync='none required'
ac_cv_search_pthread_create='none required'
ac_cv_search_pthread_mutexattr_init='none required'
ac_cv_search_readline=-ledit
ac_cv_sys_file_offset_bits=no
ac_cv_sys_largefile_CC=no
ac_cv_type_int16_t=yes
ac_cv_type_int32_t=yes
ac_cv_type_int64_t=yes
ac_cv_type_int8_t=yes
ac_cv_type_intptr_t=yes
ac_cv_type_uint16_t=yes
ac_cv_type_uint32_t=yes
ac_cv_type_uint64_t=yes
ac_cv_type_uint8_t=yes
ac_cv_type_uintptr_t=yes
lt_cv_apple_cc_single_mod=yes
lt_cv_ar_at_file=no
lt_cv_deplibs_check_method=pass_all
lt_cv_file_magic_cmd='$MAGIC_CMD'
lt_cv_file_magic_test_file=
lt_cv_ld_exported_symbols_list=yes
lt_cv_ld_force_load=yes
lt_cv_ld_reload_flag=-r
lt_cv_nm_interface='BSD nm'
lt_cv_objdir=.libs
lt_cv_path_LD=/Applications/Xcode.app/Contents/Developer/Toolchains/XcodeDefault.xctoolchain/usr/bin/ld
lt_cv_path_NM='/Applications/Xcode.app/Contents/Developer/Toolchains/XcodeDefault.xctoolchain/usr/bin/nm -B'
lt_cv_path_mainfest_tool=no
lt_cv_prog_compiler_c_o=yes
lt_cv_prog_compiler_pic='-fno-common -DPIC'
lt_cv_prog_compiler_pic_works=yes
lt_cv_prog_compiler_rtti_exceptions=yes
lt_cv_prog_compiler_static_works=no
lt_cv_prog_gnu_ld=no
lt_cv_sharedlib_from_linklib_cmd='printf %s\n'
lt_cv_sys_global_symbol_pipe='sed -n -e '\''s/^.*[	 ]\([BCDEGRST][BCDEGRST]*\)[	 ][	 ]*_\([_A-Za-z][_A-Za-z0-9]*\)$/\1 _\2 \2/p'\'' | sed '\''/ __gnu_lto/d'\'''
lt_cv_sys_global_symbol_to_c_name_address='sed -n -e '\''s/^: \(.*\) .*$/  {"\1", (void *) 0},/p'\'' -e '\''s/^[BCDEGRST][BCDEGRST]* .* \(.*\)$/  {"\1", (void *) \&\1},/p'\'''
lt_cv_sys_global_symbol_to_c_name_address_lib_prefix='sed -n -e '\''s/^: \(.*\) .*$/  {"\1", (void *) 0},/p'\'' -e '\''s/^[BCDEGRST][BCDEGRST]* .* \(lib.*\)$/  {"\1", (void *) \&\1},/p'\'' -e '\''s/^[BCDEGRST][BCDEGRST]* .* \(.*\)$/  {"lib\1", (void *) \&\1},/p'\'''
lt_cv_sys_global_symbol_to_cdecl='sed -n -e '\''s/^T .* \(.*\)$/extern int \1();/p'\'' -e '\''s/^[BCDEGRST][BCDEGRST]* .* \(.*\)$/extern char \1;/p'\'''
lt_cv_sys_global_symbol_to_import=
lt_cv_sys_max_cmd_len=196608
lt_cv_to_host_file_cmd=func_convert_file_noop
lt_cv_to_tool_file_cmd=func_convert_file_noop
lt_cv_truncate_bin='/bin/dd bs=4096 count=1'

## ----------------- ##
## Output variables. ##
## ----------------- ##

ALLOWRELEASE=''
AR='ar'
AWK='awk'
BUILD_CC='gcc'
BUILD_CFLAGS=' -DSQLITE_HAS_CODEC -DSQLITE_TEMP_STORE=2 -DSQLCIPHER_CRYPTO_CC'
BUILD_EXEEXT=''
CC='gcc'
CFLAGS=' -DSQLITE_HAS_CODEC -DSQLITE_TEMP_STORE=2 -DSQLCIPHER_CRYPTO_CC -DSQLITE_OS_UNIX=1'
CPP='gcc -E'
CPPFLAGS=''
DEFS='-DHAVE_CONFIG_H'
DLLTOOL='false'
DSYMUTIL='dsymutil'
DUMPBIN=''
ECHO_C=''
ECHO_N='-n'
ECHO_T=''
EGREP='/usr/bin/grep -E'
EXEEXT=''
FGREP='/usr/bin/grep -F'
GREP='/usr/bin/grep'
HAVE_TCL='1'
INSTALL_DATA='${INSTALL} -m 644'
INSTALL_PROGRAM='${INSTALL}'
INSTALL_SCRIPT='${INSTALL}'
LD='/Applications/Xcode.app/Contents/Developer/Toolchains/XcodeDefault.xctoolchain/usr/bin/ld'
LDFLAGS=''
LIBOBJS=''
LIBS=''
LIBTOOL='$(SHELL) $(top_builddir)/libtool'
LIPO='lipo'
LN_S='ln -s'
LTLIBOBJS=''
LT_SYS_LIBRARY_PATH=''
MANIFEST_TOOL=':'
NM='/Applications/Xcode.app/Contents/Developer/Toolchains/XcodeDefault.xctoolchain/usr/bin/nm -B'
NMEDIT='nmedit'
OBJDUMP='objdump'
OBJEXT='o'
OPT_FEATURE_FLAGS=''
OTOOL64=':'
OTOOL='otool'
PACKAGE_BUGREPORT=''
PACKAGE_NAME='sqlcipher'
PACKAGE_STRING='sqlcipher 3.15.2'
PACKAGE_TARNAME='sqlcipher'
PACKAGE_URL=''
PACKAGE_VERSION='3.15.2'
PATH_SEPARATOR=':'
RANLIB='ranlib'
RELEASE='3.15.2'
SED='/usr/bin/sed'
SHELL='/bin/sh'
SQLITE_OS_UNIX='1'
SQLITE_OS_WIN='0'
SQLITE_THREADSAFE='1'
STRIP='strip'
TARGET_DEBUG='-DNDEBUG'
TARGET_EXEEXT=''
TARGET_HAVE_EDITLINE='1'
TARGET_HAVE_READLINE='0'
TARGET_READLINE_INC=''
TARGET_READLINE_LIBS='-ledit '
TCLLIBDIR='/System/Library/Frameworks/Tcl.framework/Versions/8.5/Resources/Scripts/sqlite3'
TCLSH_CMD='tclsh8.5'
TCL_BIN_DIR='/usr/lib'
TCL_INCLUDE_SPEC='-I/System/Library/Frameworks/Tcl.framework/Versions/8.5/Headers'
TCL_LIB_FILE='Tcl'
TCL_LIB_FLAG='-framework Tcl'
TCL_LIB_SPEC='-F/System/Library/Frameworks -framework Tcl'
TCL_SHLIB_SUFFIX='.dylib'
TCL_SRC_DIR='/Library/Caches/com.apple.xbs/Sources/tcl/tcl-107.40.1/tcl/tcl'
TCL_STUB_LIB_FILE='libtclstub8.5.a'
TCL_STUB_LIB_FLAG='-ltclstub8.5'
TCL_STUB_LIB_SPEC='-L/System/Library/Frameworks/Tcl.framework/Versions/8.5 -ltclstub8.5'
TCL_VERSION='8.5'
TEMP_STORE='2'
USE_AMALGAMATION='1'
USE_GCOV='0'
VERSION='3.15'
VERSION_NUMBER='3015002'
XTHREADCONNECT=''
ac_ct_AR='ar'
ac_ct_CC='gcc'
ac_ct_DUMPBIN=''
bindir='${exec_prefix}/bin'
build='i386-apple-darwin15.6.0'
build_alias=''
build_cpu='i386'
build_os='darwin15.6.0'
build_vendor='apple'
datadir='${datarootdir}'
datarootdir='${prefix}/share'
docdir='${datarootdir}/doc/${PACKAGE_TARNAME}'
dvidir='${docdir}'
exec_prefix='${prefix}'
host='i386-apple-darwin15.6.0'
host_alias=''
host_cpu='i386'
host_os='darwin15.6.0'
host_vendor='apple'
htmldir='${docdir}'
includedir='${prefix}/include'
infodir='${datarootdir}/info'
libdir='${exec_prefix}/lib'
libexecdir='${exec_prefix}/libexec'
localedir='${datarootdir}/locale'
localstatedir='${prefix}/var'
mandir='${datarootdir}/man'
oldincludedir='/usr/include'
pdfdir='${docdir}'
prefix='/usr/local'
program_prefix=''
program_transform_name='s,x,x,'
psdir='${docdir}'
sbindir='${exec_prefix}/sbin'
sharedstatedir='${prefix}/com'
sysconfdir='${prefix}/etc'
target_alias=''

## ----------- ##
## confdefs.h. ##
## ----------- ##

/* confdefs.h */
#define PACKAGE_NAME "sqlcipher"
#define PACKAGE_TARNAME "sqlcipher"
#define PACKAGE_VERSION "3.15.2"
#define PACKAGE_STRING "sqlcipher 3.15.2"
#define PACKAGE_BUGREPORT ""
#define PACKAGE_URL ""
#define STDC_HEADERS 1
#define HAVE_SYS_TYPES_H 1
#define HAVE_SYS_STAT_H 1
#define HAVE_STDLIB_H 1
#define HAVE_STRING_H 1
#define HAVE_MEMORY_H 1
#define HAVE_STRINGS_H 1
#define HAVE_INTTYPES_H 1
#define HAVE_STDINT_H 1
#define HAVE_UNISTD_H 1
#define HAVE_DLFCN_H 1
#define LT_OBJDIR ".libs/"
#define HAVE_INT8_T 1
#define HAVE_INT16_T 1
#define HAVE_INT32_T 1
#define HAVE_INT64_T 1
#define HAVE_INTPTR_T 1
#define HAVE_UINT8_T 1
#define HAVE_UINT16_T 1
#define HAVE_UINT32_T 1
#define HAVE_UINT64_T 1
#define HAVE_UINTPTR_T 1
#define HAVE_SYS_TYPES_H 1
#define HAVE_STDLIB_H 1
#define HAVE_STDINT_H 1
#define HAVE_INTTYPES_H 1
#define HAVE_FDATASYNC 1
#define HAVE_GMTIME_R 1
#define HAVE_ISNAN 1
#define HAVE_LOCALTIME_R 1
#define HAVE_USLEEP 1
#define HAVE_UTIME 1
#define HAVE_PREAD 1
#define HAVE_PWRITE 1

configure: exit 0
